
------------------
-- berry_boiler --
------------------
pwd = /home/pi/rpi-boiler
settings.json file not found, using default values
got controller lock
[32mnew event 0 0 86400 12[0m
released controller lock
BBWebUI.init( <BBWebUI.BBWebUI object at 0xb6a2e930> )
[31mController thread started[0m
[33mStarting bjoern server[0m
BBController.run() -- tick -- 20:51:38
[36mActive event = (BBEvent0 0:0:0, 24:0:0, 12)[0m
[36mboiler_on  = 0[0m
[36mevent_temp = 12.000000[0m
[36madj_t_temp = 11.500000[0m
[36mtherm_temp = 17.900000[0m
[34mSet boiler=0 gpio=15 [TEST][0m
[33m192.168.0.15:<Request 'http://192.168.0.16/settings' [GET]>[0m
[33m192.168.0.15:<Request 'http://192.168.0.16/static/style.css?327' [GET]>[0m
[33m192.168.0.15:<Request 'http://192.168.0.16/static/favicon.ico' [GET]>[0m
[33m::1:<Request 'http://localhost/shutdown' [GET]>[0m
got controller lock
released controller lock
[33mShutting down...[0m
BBController.run() -- tick -- 20:51:50
[36mActive event = (BBEvent0 0:0:0, 24:0:0, 12)[0m
[36mboiler_on  = 0[0m
[36mevent_temp = 12.000000[0m
[36madj_t_temp = 11.500000[0m
[36mtherm_temp = 17.900000[0m
[34mSet boiler=0 gpio=15 [TEST][0m
[34mSet boiler=0 gpio=15 [TEST][0m
[31mController thread ended[0m
[35mCTRL-C[0m
[33mEnding bjoern server[0m
got controller lock
released controller lock
